Build started 27.09.2015 21:59:43.
     1>Project "D:\Misha\Developing by myself\Pascal abc\Project7\Project7\Project7.vcxproj" on node 2 (Build target(s)).
     1>ClCompile:
         D:\Misha\Проги\VC\bin\CL.exe /c /ZI /nologo /W3 /WX- /sdl /Od /Oy- /D _MBCS /Gm /EHsc /RTC1 /MDd /GS /fp:precise /Zc:wchar_t /Zc:forScope /Fo"Debug\\" /Fd"Debug\vc120.pdb" /Gd /TP /analyze- /errorReport:prompt Source.cpp Source2.cpp
         Source2.cpp
     1>d:\misha\developing by myself\pascal abc\project7\project7\source2.cpp(6): error C2653: 'Complex' : is not a class or namespace name
     1>d:\misha\developing by myself\pascal abc\project7\project7\source2.cpp(7): error C4430: missing type specifier - int assumed. Note: C++ does not support default-int
     1>d:\misha\developing by myself\pascal abc\project7\project7\source2.cpp(8): error C2355: 'this' : can only be referenced inside non-static member functions or non-static data member initializers
     1>d:\misha\developing by myself\pascal abc\project7\project7\source2.cpp(8): error C2227: left of '->re' must point to class/struct/union/generic type
     1>d:\misha\developing by myself\pascal abc\project7\project7\source2.cpp(9): error C2355: 'this' : can only be referenced inside non-static member functions or non-static data member initializers
     1>d:\misha\developing by myself\pascal abc\project7\project7\source2.cpp(9): error C2227: left of '->im' must point to class/struct/union/generic type
     1>d:\misha\developing by myself\pascal abc\project7\project7\source2.cpp(10): error C2355: 'this' : can only be referenced inside non-static member functions or non-static data member initializers
     1>d:\misha\developing by myself\pascal abc\project7\project7\source2.cpp(10): error C2227: left of '->im' must point to class/struct/union/generic type
     1>d:\misha\developing by myself\pascal abc\project7\project7\source2.cpp(11): error C2065: 'cout«' : undeclared identifier
     1>d:\misha\developing by myself\pascal abc\project7\project7\source2.cpp(11): error C2143: syntax error : missing ';' before 'string'
     1>d:\misha\developing by myself\pascal abc\project7\project7\source2.cpp(11): error C2146: syntax error : missing ';' before identifier '«'
     1>d:\misha\developing by myself\pascal abc\project7\project7\source2.cpp(11): error C2065: '«' : undeclared identifier
     1>d:\misha\developing by myself\pascal abc\project7\project7\source2.cpp(11): error C2146: syntax error : missing ';' before identifier '«re«'
     1>d:\misha\developing by myself\pascal abc\project7\project7\source2.cpp(11): error C2065: '«re«' : undeclared identifier
     1>d:\misha\developing by myself\pascal abc\project7\project7\source2.cpp(11): error C2355: 'this' : can only be referenced inside non-static member functions or non-static data member initializers
     1>d:\misha\developing by myself\pascal abc\project7\project7\source2.cpp(11): error C2227: left of '->im' must point to class/struct/union/generic type
     1>d:\misha\developing by myself\pascal abc\project7\project7\source2.cpp(12): warning C4508: 'Complex' : function should return a value; 'void' return type assumed
     1>d:\misha\developing by myself\pascal abc\project7\project7\source2.cpp(14): error C2653: 'Complex' : is not a class or namespace name
     1>d:\misha\developing by myself\pascal abc\project7\project7\source2.cpp(14): error C2065: 'complex' : undeclared identifier
     1>d:\misha\developing by myself\pascal abc\project7\project7\source2.cpp(15): error C2448: 'Complex' : function-style initializer appears to be a function definition
     1>d:\misha\developing by myself\pascal abc\project7\project7\source2.cpp(22): error C2653: 'Complex' : is not a class or namespace name
     1>d:\misha\developing by myself\pascal abc\project7\project7\source2.cpp(22): fatal error C1903: unable to recover from previous error(s); stopping compilation
         Source.cpp
     1>d:\misha\developing by myself\pascal abc\project7\project7\source.cpp(9): error C2065: 'cout«' : undeclared identifier
     1>d:\misha\developing by myself\pascal abc\project7\project7\source.cpp(9): error C2143: syntax error : missing ';' before 'string'
     1>d:\misha\developing by myself\pascal abc\project7\project7\source.cpp(10): error C2065: 'Complex' : undeclared identifier
     1>d:\misha\developing by myself\pascal abc\project7\project7\source.cpp(10): error C2146: syntax error : missing ';' before identifier 'test'
     1>d:\misha\developing by myself\pascal abc\project7\project7\source.cpp(10): error C3861: 'test': identifier not found
     1>d:\misha\developing by myself\pascal abc\project7\project7\source.cpp(11): error C2065: 'Complex' : undeclared identifier
     1>d:\misha\developing by myself\pascal abc\project7\project7\source.cpp(11): error C2065: 'data' : undeclared identifier
     1>d:\misha\developing by myself\pascal abc\project7\project7\source.cpp(11): error C2061: syntax error : identifier 'Complex'
     1>d:\misha\developing by myself\pascal abc\project7\project7\source.cpp(12): error C2065: 'data' : undeclared identifier
     1>d:\misha\developing by myself\pascal abc\project7\project7\source.cpp(12): error C2227: left of '->setRe' must point to class/struct/union/generic type
                 type is 'unknown-type'
     1>d:\misha\developing by myself\pascal abc\project7\project7\source.cpp(13): error C2065: 'data' : undeclared identifier
     1>d:\misha\developing by myself\pascal abc\project7\project7\source.cpp(13): error C2228: left of '.setIm' must have class/struct/union
                 type is 'unknown-type'
     1>d:\misha\developing by myself\pascal abc\project7\project7\source.cpp(14): error C2146: syntax error : missing ';' before identifier '«'
     1>d:\misha\developing by myself\pascal abc\project7\project7\source.cpp(14): error C2065: '«' : undeclared identifier
     1>d:\misha\developing by myself\pascal abc\project7\project7\source.cpp(14): error C2143: syntax error : missing ';' before 'string'
     1>d:\misha\developing by myself\pascal abc\project7\project7\source.cpp(14): error C2146: syntax error : missing ';' before identifier '«data'
     1>d:\misha\developing by myself\pascal abc\project7\project7\source.cpp(14): error C2065: '«data' : undeclared identifier
     1>d:\misha\developing by myself\pascal abc\project7\project7\source.cpp(14): error C2227: left of '->getRe' must point to class/struct/union/generic type
                 type is 'unknown-type'
     1>d:\misha\developing by myself\pascal abc\project7\project7\source.cpp(14): error C2227: left of '->getIm' must point to class/struct/union/generic type
                 type is 'unknown-type'
     1>d:\misha\developing by myself\pascal abc\project7\project7\source.cpp(15): error C2065: 'test' : undeclared identifier
     1>d:\misha\developing by myself\pascal abc\project7\project7\source.cpp(15): error C2065: 'data' : undeclared identifier
     1>d:\misha\developing by myself\pascal abc\project7\project7\source.cpp(16): error C2146: syntax error : missing ';' before identifier '«'
     1>d:\misha\developing by myself\pascal abc\project7\project7\source.cpp(16): error C2065: '«' : undeclared identifier
     1>d:\misha\developing by myself\pascal abc\project7\project7\source.cpp(16): error C2143: syntax error : missing ';' before 'string'
     1>d:\misha\developing by myself\pascal abc\project7\project7\source.cpp(16): error C2146: syntax error : missing ';' before identifier '«test'
     1>d:\misha\developing by myself\pascal abc\project7\project7\source.cpp(16): error C2065: '«test' : undeclared identifier
     1>d:\misha\developing by myself\pascal abc\project7\project7\source.cpp(16): error C2228: left of '.getRe' must have class/struct/union
                 type is 'unknown-type'
     1>d:\misha\developing by myself\pascal abc\project7\project7\source.cpp(16): error C2228: left of '.getIm' must have class/struct/union
                 type is 'unknown-type'
     1>d:\misha\developing by myself\pascal abc\project7\project7\source.cpp(17): error C2065: 'Complex' : undeclared identifier
     1>d:\misha\developing by myself\pascal abc\project7\project7\source.cpp(17): error C2146: syntax error : missing ';' before identifier 'work'
     1>d:\misha\developing by myself\pascal abc\project7\project7\source.cpp(17): error C3861: 'work': identifier not found
     1>d:\misha\developing by myself\pascal abc\project7\project7\source.cpp(18): error C2065: 'data' : undeclared identifier
     1>d:\misha\developing by myself\pascal abc\project7\project7\source.cpp(18): error C2065: 'work' : undeclared identifier
     1>d:\misha\developing by myself\pascal abc\project7\project7\source.cpp(18): error C2228: left of '.add' must have class/struct/union
                 type is 'unknown-type'
     1>d:\misha\developing by myself\pascal abc\project7\project7\source.cpp(18): error C2065: 'test' : undeclared identifier
     1>d:\misha\developing by myself\pascal abc\project7\project7\source.cpp(19): error C2065: 'data' : undeclared identifier
     1>d:\misha\developing by myself\pascal abc\project7\project7\source.cpp(19): error C2227: left of '->add' must point to class/struct/union/generic type
                 type is 'unknown-type'
     1>d:\misha\developing by myself\pascal abc\project7\project7\source.cpp(20): error C2146: syntax error : missing ';' before identifier '«'
     1>d:\misha\developing by myself\pascal abc\project7\project7\source.cpp(20): error C2065: '«' : undeclared identifier
     1>d:\misha\developing by myself\pascal abc\project7\project7\source.cpp(20): error C2143: syntax error : missing ';' before 'string'
     1>d:\misha\developing by myself\pascal abc\project7\project7\source.cpp(20): error C2146: syntax error : missing ';' before identifier '«data'
     1>d:\misha\developing by myself\pascal abc\project7\project7\source.cpp(20): error C2065: '«data' : undeclared identifier
     1>d:\misha\developing by myself\pascal abc\project7\project7\source.cpp(20): error C2227: left of '->getRe' must point to class/struct/union/generic type
                 type is 'unknown-type'
     1>d:\misha\developing by myself\pascal abc\project7\project7\source.cpp(20): error C2227: left of '->getIm' must point to class/struct/union/generic type
                 type is 'unknown-type'
     1>d:\misha\developing by myself\pascal abc\project7\project7\source.cpp(21): error C2065: 'data' : undeclared identifier
     1>d:\misha\developing by myself\pascal abc\project7\project7\source.cpp(21): error C2541: 'delete' : cannot delete objects that are not pointers
         Generating Code...
     1>Done Building Project "D:\Misha\Developing by myself\Pascal abc\Project7\Project7\Project7.vcxproj" (Build target(s)) -- FAILED.

Build FAILED.

Time Elapsed 00:00:05.33
