Build started 07.10.2015 21:31:06.
     1>Project "D:\Misha\Developing by myself\C++\Гаусс\Гаусс\Гаусс.vcxproj" on node 2 (Build target(s)).
     1>ClCompile:
         D:\Misha\Проги\VC\bin\CL.exe /c /ZI /nologo /W3 /WX- /sdl /Od /Oy- /D _UNICODE /D UNICODE /Gm /EHsc /RTC1 /MDd /GS /fp:precise /Zc:wchar_t /Zc:forScope /Fo"Debug\\" /Fd"Debug\vc120.pdb" /Gd /TP /analyze- /errorReport:prompt Source.cpp
         Source.cpp
     1>d:\misha\developing by myself\c++\гаусс\гаусс\source.cpp(84): error C2065: 'array00' : undeclared identifier
     1>d:\misha\developing by myself\c++\гаусс\гаусс\source.cpp(91): error C2065: 'array11' : undeclared identifier
     1>d:\misha\developing by myself\c++\гаусс\гаусс\source.cpp(98): error C2065: 'array22' : undeclared identifier
     1>d:\misha\developing by myself\c++\гаусс\гаусс\source.cpp(106): error C2065: 'array00' : undeclared identifier
     1>d:\misha\developing by myself\c++\гаусс\гаусс\source.cpp(108): error C2065: 'array00' : undeclared identifier
     1>d:\misha\developing by myself\c++\гаусс\гаусс\source.cpp(118): error C2065: 'array11' : undeclared identifier
     1>d:\misha\developing by myself\c++\гаусс\гаусс\source.cpp(121): error C2065: 'array11' : undeclared identifier
     1>d:\misha\developing by myself\c++\гаусс\гаусс\source.cpp(130): error C2065: 'array22' : undeclared identifier
     1>d:\misha\developing by myself\c++\гаусс\гаусс\source.cpp(132): error C2065: 'array22' : undeclared identifier
     1>d:\misha\developing by myself\c++\гаусс\гаусс\source.cpp(139): error C2065: 'array00' : undeclared identifier
     1>d:\misha\developing by myself\c++\гаусс\гаусс\source.cpp(148): error C2065: 'array11' : undeclared identifier
     1>d:\misha\developing by myself\c++\гаусс\гаусс\source.cpp(157): error C2065: 'array22' : undeclared identifier
     1>d:\misha\developing by myself\c++\гаусс\гаусс\source.cpp(192): error C2065: 'array00' : undeclared identifier
     1>d:\misha\developing by myself\c++\гаусс\гаусс\source.cpp(198): error C2065: 'array00' : undeclared identifier
     1>d:\misha\developing by myself\c++\гаусс\гаусс\source.cpp(203): error C2065: 'array00' : undeclared identifier
     1>d:\misha\developing by myself\c++\гаусс\гаусс\source.cpp(214): error C2065: 'array00' : undeclared identifier
     1>d:\misha\developing by myself\c++\гаусс\гаусс\source.cpp(215): error C2065: 'array00' : undeclared identifier
     1>d:\misha\developing by myself\c++\гаусс\гаусс\source.cpp(216): error C2065: 'array00' : undeclared identifier
     1>d:\misha\developing by myself\c++\гаусс\гаусс\source.cpp(238): error C2065: 'array00' : undeclared identifier
     1>d:\misha\developing by myself\c++\гаусс\гаусс\source.cpp(239): error C2065: 'array00' : undeclared identifier
     1>d:\misha\developing by myself\c++\гаусс\гаусс\source.cpp(240): error C2065: 'array00' : undeclared identifier
     1>d:\misha\developing by myself\c++\гаусс\гаусс\source.cpp(265): error C2065: 'array00' : undeclared identifier
     1>d:\misha\developing by myself\c++\гаусс\гаусс\source.cpp(279): error C2065: 'array00' : undeclared identifier
     1>Done Building Project "D:\Misha\Developing by myself\C++\Гаусс\Гаусс\Гаусс.vcxproj" (Build target(s)) -- FAILED.

Build FAILED.

Time Elapsed 00:00:03.78
